[debug] [2022-01-02T11:01:38.968Z] ----------------------------------------------------------------------
[debug] [2022-01-02T11:01:38.969Z] Command:       C:\Users\LENOVO\WebApp\NodeJS\node.exe C:\Users\LENOVO\AppData\Roaming\npm\node_modules\firebase-tools\lib\bin\firebase.js emulators:start
[debug] [2022-01-02T11:01:38.970Z] CLI Version:   10.0.1
[debug] [2022-01-02T11:01:38.970Z] Platform:      win32
[debug] [2022-01-02T11:01:38.970Z] Node Version:  v16.13.0
[debug] [2022-01-02T11:01:38.971Z] Time:          Sun Jan 02 2022 18:01:38 GMT+0700 (Indochina Time)
[debug] [2022-01-02T11:01:38.971Z] ----------------------------------------------------------------------
[debug] 
[debug] [2022-01-02T11:01:39.011Z] > command requires scopes: ["email","openid","https://www.googleapis.com/auth/cloudplatformprojects.readonly","https://www.googleapis.com/auth/firebase","https://www.googleapis.com/auth/cloud-platform"]
[debug] [2022-01-02T11:01:39.011Z] > authorizing via signed-in user (quocchuong45@gmail.com)
[info] i  emulators: Starting emulators: functions, hosting {"metadata":{"emulator":{"name":"hub"},"message":"Starting emulators: functions, hosting"}}
[debug] [2022-01-02T11:01:39.030Z] [hub] writing locator at C:\Users\LENOVO\AppData\Local\Temp\hub-clone-e5ac8.json
[warn] !  functions: The following emulators are not running, calls to these services from the Functions emulator will affect production: auth, firestore, database, pubsub, storage {"metadata":{"emulator":{"name":"functions"},"message":"The following emulators are not running, calls to these services from the Functions emulator will affect production: \u001b[1mauth, firestore, database, pubsub, storage\u001b[22m"}}
[info] +  functions: Using node@16 from host. {"metadata":{"emulator":{"name":"functions"},"message":"Using node@16 from host."}}
[debug] [2022-01-02T11:01:39.053Z] defaultcredentials: writing to file C:\Users\LENOVO\AppData\Roaming\firebase\quocchuong45_gmail_com_application_default_credentials.json
[debug] [2022-01-02T11:01:39.054Z] Setting GAC to C:\Users\LENOVO\AppData\Roaming\firebase\quocchuong45_gmail_com_application_default_credentials.json {"metadata":{"emulator":{"name":"functions"},"message":"Setting GAC to C:\\Users\\LENOVO\\AppData\\Roaming\\firebase\\quocchuong45_gmail_com_application_default_credentials.json"}}
[debug] [2022-01-02T11:01:39.056Z] > refreshing access token with scopes: []
[debug] [2022-01-02T11:01:39.056Z] >>> HTTP REQUEST POST https://www.googleapis.com/oauth2/v3/token  
 <request body omitted>
[debug] [2022-01-02T11:01:39.213Z] <<< HTTP RESPONSE 200 {"pragma":"no-cache","date":"Sun, 02 Jan 2022 11:01:50 GMT","cache-control":"no-cache, no-store, max-age=0, must-revalidate","expires":"Mon, 01 Jan 1990 00:00:00 GMT","content-type":"application/json; charset=utf-8","vary":"X-Origin, Referer, Origin,Accept-Encoding","server":"scaffolding on HTTPServer2","x-xss-protection":"0","x-frame-options":"SAMEORIGIN","x-content-type-options":"nosniff","alt-svc":"h3=\":443\"; ma=2592000,h3-29=\":443\"; ma=2592000,h3-Q050=\":443\"; ma=2592000,h3-Q046=\":443\"; ma=2592000,h3-Q043=\":443\"; ma=2592000,quic=\":443\"; ma=2592000; v=\"46,43\"","accept-ranges":"none","transfer-encoding":"chunked"}
[debug] [2022-01-02T11:01:39.228Z] >>> [apiv2][query] GET https://firebase.googleapis.com/v1beta1/projects/clone-e5ac8/adminSdkConfig [none]
[debug] [2022-01-02T11:01:39.628Z] <<< [apiv2][status] GET https://firebase.googleapis.com/v1beta1/projects/clone-e5ac8/adminSdkConfig 200
[debug] [2022-01-02T11:01:39.629Z] <<< [apiv2][body] GET https://firebase.googleapis.com/v1beta1/projects/clone-e5ac8/adminSdkConfig {"projectId":"clone-e5ac8","storageBucket":"clone-e5ac8.appspot.com","locationId":"asia-southeast1"}
[debug] [2022-01-02T11:01:39.644Z] >>> [apiv2][query] GET https://firebasehosting.googleapis.com/v1beta1/projects/clone-e5ac8/sites 
[debug] [2022-01-02T11:01:41.040Z] <<< [apiv2][status] GET https://firebasehosting.googleapis.com/v1beta1/projects/clone-e5ac8/sites 200
[debug] [2022-01-02T11:01:41.040Z] <<< [apiv2][body] GET https://firebasehosting.googleapis.com/v1beta1/projects/clone-e5ac8/sites {"sites":[{"name":"projects/594174916480/sites/clone-e5ac8","defaultUrl":"https://clone-e5ac8.web.app","appId":"1:594174916480:web:d1d1e125a1ac208aa23365","type":"DEFAULT_SITE"}]}
[debug] [2022-01-02T11:01:41.041Z] >>> [apiv2][query] GET https://firebase.googleapis.com/v1beta1/projects/clone-e5ac8/webApps/1:594174916480:web:d1d1e125a1ac208aa23365/config [none]
[debug] [2022-01-02T11:01:42.471Z] <<< [apiv2][status] GET https://firebase.googleapis.com/v1beta1/projects/clone-e5ac8/webApps/1:594174916480:web:d1d1e125a1ac208aa23365/config 200
[debug] [2022-01-02T11:01:42.471Z] <<< [apiv2][body] GET https://firebase.googleapis.com/v1beta1/projects/clone-e5ac8/webApps/1:594174916480:web:d1d1e125a1ac208aa23365/config {"projectId":"clone-e5ac8","appId":"1:594174916480:web:d1d1e125a1ac208aa23365","storageBucket":"clone-e5ac8.appspot.com","locationId":"asia-southeast1","apiKey":"AIzaSyByDhb9Om9nvFEQ7gQTCz_-6KMwAS_K3wE","authDomain":"clone-e5ac8.firebaseapp.com","messagingSenderId":"594174916480","measurementId":"G-3MZK5QVLFQ"}
[info] i  hosting: Serving hosting files from: build {"metadata":{"emulator":{"name":"hosting"},"message":"Serving hosting files from: \u001b[1mbuild\u001b[22m"}}
[info] +  hosting: Local server: http://localhost:5000 {"metadata":{"emulator":{"name":"hosting"},"message":"Local server: \u001b[4m\u001b[1mhttp://localhost:5000\u001b[22m\u001b[24m"}}
[debug] [2022-01-02T11:01:42.500Z] Ignoring unsupported arg: auto_download {"metadata":{"emulator":{"name":"ui"},"message":"Ignoring unsupported arg: auto_download"}}
[debug] [2022-01-02T11:01:42.500Z] Ignoring unsupported arg: port {"metadata":{"emulator":{"name":"ui"},"message":"Ignoring unsupported arg: port"}}
[debug] [2022-01-02T11:01:42.500Z] Starting Emulator UI with command {"binary":"node","args":["C:\\Users\\LENOVO\\.cache\\firebase\\emulators\\ui-v1.6.4\\server.bundle.js"],"optionalArgs":[],"joinArgs":false} {"metadata":{"emulator":{"name":"ui"},"message":"Starting Emulator UI with command {\"binary\":\"node\",\"args\":[\"C:\\\\Users\\\\LENOVO\\\\.cache\\\\firebase\\\\emulators\\\\ui-v1.6.4\\\\server.bundle.js\"],\"optionalArgs\":[],\"joinArgs\":false}"}}
[info] i  ui: Emulator UI logging to ui-debug.log {"metadata":{"emulator":{"name":"ui"},"message":"Emulator UI logging to \u001b[1mui-debug.log\u001b[22m"}}
[debug] [2022-01-02T11:01:42.588Z] Web / API server started at localhost:4000
 {"metadata":{"emulator":{"name":"ui"},"message":"Web / API server started at localhost:4000\n"}}
[info] i  functions: Watching "D:\VSC\amazon-clone\functions" for Cloud Functions... {"metadata":{"emulator":{"name":"functions"},"message":"Watching \"D:\\VSC\\amazon-clone\\functions\" for Cloud Functions..."}}
[debug] [2022-01-02T11:01:42.786Z] [worker-pool] addWorker(~diagnostic~) {"metadata":{"emulator":{"name":"functions"},"message":"[worker-pool] addWorker(~diagnostic~)"}}
[debug] [2022-01-02T11:01:42.786Z] [worker-pool] Adding worker with key ~diagnostic~, total=1 {"metadata":{"emulator":{"name":"functions"},"message":"[worker-pool] Adding worker with key ~diagnostic~, total=1"}}
[debug] [2022-01-02T11:01:42.786Z] [worker-pool] submitWork(triggerId=) {"metadata":{"emulator":{"name":"functions"},"message":"[worker-pool] submitWork(triggerId=)"}}
[debug] [2022-01-02T11:01:42.787Z] [worker-~diagnostic~-4013470e-2816-48f2-844b-06ad305d01b9]: Assigning socketPath: \\?\pipe\D:\VSC\amazon-clone\functions\13988 {"metadata":{"emulator":{"name":"functions"},"message":"[worker-~diagnostic~-4013470e-2816-48f2-844b-06ad305d01b9]: Assigning socketPath: \\\\?\\pipe\\D:\\VSC\\amazon-clone\\functions\\13988"}}
[debug] [2022-01-02T11:01:42.787Z] [worker-~diagnostic~-4013470e-2816-48f2-844b-06ad305d01b9]: BUSY {"metadata":{"emulator":{"name":"functions"},"message":"[worker-~diagnostic~-4013470e-2816-48f2-844b-06ad305d01b9]: BUSY"}}
