[debug] [2022-01-02T03:54:23.315Z] ----------------------------------------------------------------------
[debug] [2022-01-02T03:54:23.317Z] Command:       C:\Users\LENOVO\WebApp\NodeJS\node.exe C:\Users\LENOVO\AppData\Roaming\npm\node_modules\firebase-tools\lib\bin\firebase.js emulators:start
[debug] [2022-01-02T03:54:23.317Z] CLI Version:   10.0.1
[debug] [2022-01-02T03:54:23.318Z] Platform:      win32
[debug] [2022-01-02T03:54:23.318Z] Node Version:  v16.13.0
[debug] [2022-01-02T03:54:23.318Z] Time:          Sun Jan 02 2022 10:54:23 GMT+0700 (Indochina Time)
[debug] [2022-01-02T03:54:23.319Z] ----------------------------------------------------------------------
[debug] 
[debug] [2022-01-02T03:54:23.321Z] >>> [apiv2][query] GET https://firebase-public.firebaseio.com/cli.json [none]
[debug] [2022-01-02T03:54:23.424Z] > command requires scopes: ["email","openid","https://www.googleapis.com/auth/cloudplatformprojects.readonly","https://www.googleapis.com/auth/firebase","https://www.googleapis.com/auth/cloud-platform"]
[debug] [2022-01-02T03:54:23.424Z] > authorizing via signed-in user (quocchuong45@gmail.com)
[info] i  emulators: Starting emulators: functions, hosting {"metadata":{"emulator":{"name":"hub"},"message":"Starting emulators: functions, hosting"}}
[debug] [2022-01-02T03:54:23.450Z] [hub] writing locator at C:\Users\LENOVO\AppData\Local\Temp\hub-clone-e5ac8.json
[warn] !  functions: The following emulators are not running, calls to these services from the Functions emulator will affect production: auth, firestore, database, pubsub, storage {"metadata":{"emulator":{"name":"functions"},"message":"The following emulators are not running, calls to these services from the Functions emulator will affect production: \u001b[1mauth, firestore, database, pubsub, storage\u001b[22m"}}
[info] +  functions: Using node@16 from host. {"metadata":{"emulator":{"name":"functions"},"message":"Using node@16 from host."}}
[debug] [2022-01-02T03:54:23.466Z] defaultcredentials: writing to file C:\Users\LENOVO\AppData\Roaming\firebase\quocchuong45_gmail_com_application_default_credentials.json
[debug] [2022-01-02T03:54:23.468Z] Setting GAC to C:\Users\LENOVO\AppData\Roaming\firebase\quocchuong45_gmail_com_application_default_credentials.json {"metadata":{"emulator":{"name":"functions"},"message":"Setting GAC to C:\\Users\\LENOVO\\AppData\\Roaming\\firebase\\quocchuong45_gmail_com_application_default_credentials.json"}}
[debug] [2022-01-02T03:54:23.469Z] > refreshing access token with scopes: []
[debug] [2022-01-02T03:54:23.470Z] >>> HTTP REQUEST POST https://www.googleapis.com/oauth2/v3/token  
 <request body omitted>
[debug] [2022-01-02T03:54:23.626Z] <<< HTTP RESPONSE 200 {"pragma":"no-cache","expires":"Mon, 01 Jan 1990 00:00:00 GMT","cache-control":"no-cache, no-store, max-age=0, must-revalidate","date":"Sun, 02 Jan 2022 03:54:34 GMT","content-type":"application/json; charset=utf-8","vary":"X-Origin, Referer, Origin,Accept-Encoding","server":"scaffolding on HTTPServer2","x-xss-protection":"0","x-frame-options":"SAMEORIGIN","x-content-type-options":"nosniff","alt-svc":"h3=\":443\"; ma=2592000,h3-29=\":443\"; ma=2592000,h3-Q050=\":443\"; ma=2592000,h3-Q046=\":443\"; ma=2592000,h3-Q043=\":443\"; ma=2592000,quic=\":443\"; ma=2592000; v=\"46,43\"","accept-ranges":"none","transfer-encoding":"chunked"}
[debug] [2022-01-02T03:54:23.639Z] >>> [apiv2][query] GET https://firebase.googleapis.com/v1beta1/projects/clone-e5ac8/adminSdkConfig [none]
[debug] [2022-01-02T03:54:24.053Z] <<< [apiv2][status] GET https://firebase.googleapis.com/v1beta1/projects/clone-e5ac8/adminSdkConfig 200
[debug] [2022-01-02T03:54:24.053Z] <<< [apiv2][body] GET https://firebase.googleapis.com/v1beta1/projects/clone-e5ac8/adminSdkConfig {"projectId":"clone-e5ac8","storageBucket":"clone-e5ac8.appspot.com"}
[debug] [2022-01-02T03:54:24.073Z] >>> [apiv2][query] GET https://firebasehosting.googleapis.com/v1beta1/projects/clone-e5ac8/sites 
[debug] [2022-01-02T03:54:24.190Z] <<< [apiv2][status] GET https://firebase-public.firebaseio.com/cli.json 200
[debug] [2022-01-02T03:54:24.190Z] <<< [apiv2][body] GET https://firebase-public.firebaseio.com/cli.json {"cloudBuildErrorAfter":1594252800000,"cloudBuildWarnAfter":1590019200000,"defaultNode10After":1594252800000,"minVersion":"3.0.5","node8DeploysDisabledAfter":1613390400000,"node8RuntimeDisabledAfter":1615809600000,"node8WarnAfter":1600128000000}
[debug] [2022-01-02T03:54:25.454Z] <<< [apiv2][status] GET https://firebasehosting.googleapis.com/v1beta1/projects/clone-e5ac8/sites 200
[debug] [2022-01-02T03:54:25.454Z] <<< [apiv2][body] GET https://firebasehosting.googleapis.com/v1beta1/projects/clone-e5ac8/sites {"sites":[{"name":"projects/594174916480/sites/clone-e5ac8","defaultUrl":"https://clone-e5ac8.web.app","appId":"1:594174916480:web:d1d1e125a1ac208aa23365","type":"DEFAULT_SITE"}]}
[debug] [2022-01-02T03:54:25.454Z] >>> [apiv2][query] GET https://firebase.googleapis.com/v1beta1/projects/clone-e5ac8/webApps/1:594174916480:web:d1d1e125a1ac208aa23365/config [none]
[debug] [2022-01-02T03:54:26.893Z] <<< [apiv2][status] GET https://firebase.googleapis.com/v1beta1/projects/clone-e5ac8/webApps/1:594174916480:web:d1d1e125a1ac208aa23365/config 200
[debug] [2022-01-02T03:54:26.893Z] <<< [apiv2][body] GET https://firebase.googleapis.com/v1beta1/projects/clone-e5ac8/webApps/1:594174916480:web:d1d1e125a1ac208aa23365/config {"projectId":"clone-e5ac8","appId":"1:594174916480:web:d1d1e125a1ac208aa23365","storageBucket":"clone-e5ac8.appspot.com","apiKey":"AIzaSyByDhb9Om9nvFEQ7gQTCz_-6KMwAS_K3wE","authDomain":"clone-e5ac8.firebaseapp.com","messagingSenderId":"594174916480","measurementId":"G-3MZK5QVLFQ"}
[info] i  hosting: Serving hosting files from: build {"metadata":{"emulator":{"name":"hosting"},"message":"Serving hosting files from: \u001b[1mbuild\u001b[22m"}}
[info] +  hosting: Local server: http://localhost:5000 {"metadata":{"emulator":{"name":"hosting"},"message":"Local server: \u001b[4m\u001b[1mhttp://localhost:5000\u001b[22m\u001b[24m"}}
[info] i  ui: downloading ui-v1.6.4.zip... {"metadata":{"emulator":{"name":"ui"},"message":"downloading ui-v1.6.4.zip..."}}
[debug] [2022-01-02T03:54:26.994Z] >>> [apiv2][query] GET https://storage.googleapis.com/firebase-preview-drop/emulator/ui-v1.6.4.zip 
[debug] [2022-01-02T03:54:27.445Z] <<< [apiv2][status] GET https://storage.googleapis.com/firebase-preview-drop/emulator/ui-v1.6.4.zip 200
[debug] [2022-01-02T03:54:27.445Z] <<< [apiv2][body] GET https://storage.googleapis.com/firebase-preview-drop/emulator/ui-v1.6.4.zip [stream]
[debug] [2022-01-02T03:54:28.455Z] Ignoring unsupported arg: auto_download {"metadata":{"emulator":{"name":"ui"},"message":"Ignoring unsupported arg: auto_download"}}
[debug] [2022-01-02T03:54:28.455Z] Ignoring unsupported arg: port {"metadata":{"emulator":{"name":"ui"},"message":"Ignoring unsupported arg: port"}}
[debug] [2022-01-02T03:54:28.455Z] Starting Emulator UI with command {"binary":"node","args":["C:\\Users\\LENOVO\\.cache\\firebase\\emulators\\ui-v1.6.4\\server.bundle.js"],"optionalArgs":[],"joinArgs":false} {"metadata":{"emulator":{"name":"ui"},"message":"Starting Emulator UI with command {\"binary\":\"node\",\"args\":[\"C:\\\\Users\\\\LENOVO\\\\.cache\\\\firebase\\\\emulators\\\\ui-v1.6.4\\\\server.bundle.js\"],\"optionalArgs\":[],\"joinArgs\":false}"}}
[info] i  ui: Emulator UI logging to ui-debug.log {"metadata":{"emulator":{"name":"ui"},"message":"Emulator UI logging to \u001b[1mui-debug.log\u001b[22m"}}
[debug] [2022-01-02T03:54:28.561Z] Web / API server started at localhost:4000
 {"metadata":{"emulator":{"name":"ui"},"message":"Web / API server started at localhost:4000\n"}}
[info] i  functions: Watching "D:\VSC\amazon-clone\functions" for Cloud Functions... {"metadata":{"emulator":{"name":"functions"},"message":"Watching \"D:\\VSC\\amazon-clone\\functions\" for Cloud Functions..."}}
[debug] [2022-01-02T03:54:28.752Z] [worker-pool] addWorker(~diagnostic~) {"metadata":{"emulator":{"name":"functions"},"message":"[worker-pool] addWorker(~diagnostic~)"}}
[debug] [2022-01-02T03:54:28.752Z] [worker-pool] Adding worker with key ~diagnostic~, total=1 {"metadata":{"emulator":{"name":"functions"},"message":"[worker-pool] Adding worker with key ~diagnostic~, total=1"}}
[debug] [2022-01-02T03:54:28.752Z] [worker-pool] submitWork(triggerId=) {"metadata":{"emulator":{"name":"functions"},"message":"[worker-pool] submitWork(triggerId=)"}}
[debug] [2022-01-02T03:54:28.753Z] [worker-~diagnostic~-a7369eae-cd90-4a74-9375-a1e35d4a1a06]: Assigning socketPath: \\?\pipe\D:\VSC\amazon-clone\functions\720 {"metadata":{"emulator":{"name":"functions"},"message":"[worker-~diagnostic~-a7369eae-cd90-4a74-9375-a1e35d4a1a06]: Assigning socketPath: \\\\?\\pipe\\D:\\VSC\\amazon-clone\\functions\\720"}}
[debug] [2022-01-02T03:54:28.753Z] [worker-~diagnostic~-a7369eae-cd90-4a74-9375-a1e35d4a1a06]: BUSY {"metadata":{"emulator":{"name":"functions"},"message":"[worker-~diagnostic~-a7369eae-cd90-4a74-9375-a1e35d4a1a06]: BUSY"}}
[debug] [2022-01-02T03:54:28.948Z] [runtime-status] [720] Functions runtime initialized. {"cwd":"D:\\VSC\\amazon-clone\\functions","node_version":"16.13.0"} {"metadata":{"emulator":{"name":"functions"},"message":"[runtime-status] [720] Functions runtime initialized. {\"cwd\":\"D:\\\\VSC\\\\amazon-clone\\\\functions\",\"node_version\":\"16.13.0\"}"}}
[debug] [2022-01-02T03:54:28.948Z] [runtime-status] [720] Disabled runtime features: undefined {"metadata":{"emulator":{"name":"functions"},"message":"[runtime-status] [720] Disabled runtime features: undefined"}}
[debug] [2022-01-02T03:54:28.954Z] [runtime-status] [720] Resolved module firebase-admin {"declared":true,"installed":true,"version":"9.12.0","resolution":"D:\\VSC\\amazon-clone\\functions\\node_modules\\firebase-admin\\lib\\index.js"} {"metadata":{"emulator":{"name":"functions"},"message":"[runtime-status] [720] Resolved module firebase-admin {\"declared\":true,\"installed\":true,\"version\":\"9.12.0\",\"resolution\":\"D:\\\\VSC\\\\amazon-clone\\\\functions\\\\node_modules\\\\firebase-admin\\\\lib\\\\index.js\"}"}}
[debug] [2022-01-02T03:54:28.956Z] [runtime-status] [720] Resolved module firebase-functions {"declared":true,"installed":true,"version":"3.16.0","resolution":"D:\\VSC\\amazon-clone\\functions\\node_modules\\firebase-functions\\lib\\index.js"} {"metadata":{"emulator":{"name":"functions"},"message":"[runtime-status] [720] Resolved module firebase-functions {\"declared\":true,\"installed\":true,\"version\":\"3.16.0\",\"resolution\":\"D:\\\\VSC\\\\amazon-clone\\\\functions\\\\node_modules\\\\firebase-functions\\\\lib\\\\index.js\"}"}}
[debug] [2022-01-02T03:54:28.958Z] [runtime-status] [720] Outgoing network have been stubbed. [{"name":"http","status":"mocked"},{"name":"http","status":"mocked"},{"name":"https","status":"mocked"},{"name":"https","status":"mocked"},{"name":"net","status":"mocked"}] {"metadata":{"emulator":{"name":"functions"},"message":"[runtime-status] [720] Outgoing network have been stubbed. [{\"name\":\"http\",\"status\":\"mocked\"},{\"name\":\"http\",\"status\":\"mocked\"},{\"name\":\"https\",\"status\":\"mocked\"},{\"name\":\"https\",\"status\":\"mocked\"},{\"name\":\"net\",\"status\":\"mocked\"}]"}}
[debug] [2022-01-02T03:54:28.959Z] [runtime-status] [720] Resolved module firebase-functions {"declared":true,"installed":true,"version":"3.16.0","resolution":"D:\\VSC\\amazon-clone\\functions\\node_modules\\firebase-functions\\lib\\index.js"} {"metadata":{"emulator":{"name":"functions"},"message":"[runtime-status] [720] Resolved module firebase-functions {\"declared\":true,\"installed\":true,\"version\":\"3.16.0\",\"resolution\":\"D:\\\\VSC\\\\amazon-clone\\\\functions\\\\node_modules\\\\firebase-functions\\\\lib\\\\index.js\"}"}}
[debug] [2022-01-02T03:54:29.481Z] [runtime-status] [720] Checked functions.config() {"config":{}} {"metadata":{"emulator":{"name":"functions"},"message":"[runtime-status] [720] Checked functions.config() {\"config\":{}}"}}
[debug] [2022-01-02T03:54:29.482Z] [runtime-status] [720] firebase-functions has been stubbed. {"functionsResolution":{"declared":true,"installed":true,"version":"3.16.0","resolution":"D:\\VSC\\amazon-clone\\functions\\node_modules\\firebase-functions\\lib\\index.js"}} {"metadata":{"emulator":{"name":"functions"},"message":"[runtime-status] [720] firebase-functions has been stubbed. {\"functionsResolution\":{\"declared\":true,\"installed\":true,\"version\":\"3.16.0\",\"resolution\":\"D:\\\\VSC\\\\amazon-clone\\\\functions\\\\node_modules\\\\firebase-functions\\\\lib\\\\index.js\"}}"}}
[debug] [2022-01-02T03:54:29.482Z] [runtime-status] [720] Resolved module firebase-functions {"declared":true,"installed":true,"version":"3.16.0","resolution":"D:\\VSC\\amazon-clone\\functions\\node_modules\\firebase-functions\\lib\\index.js"} {"metadata":{"emulator":{"name":"functions"},"message":"[runtime-status] [720] Resolved module firebase-functions {\"declared\":true,\"installed\":true,\"version\":\"3.16.0\",\"resolution\":\"D:\\\\VSC\\\\amazon-clone\\\\functions\\\\node_modules\\\\firebase-functions\\\\lib\\\\index.js\"}"}}
[debug] [2022-01-02T03:54:29.483Z] [runtime-status] [720] Resolved module firebase-admin {"declared":true,"installed":true,"version":"9.12.0","resolution":"D:\\VSC\\amazon-clone\\functions\\node_modules\\firebase-admin\\lib\\index.js"} {"metadata":{"emulator":{"name":"functions"},"message":"[runtime-status] [720] Resolved module firebase-admin {\"declared\":true,\"installed\":true,\"version\":\"9.12.0\",\"resolution\":\"D:\\\\VSC\\\\amazon-clone\\\\functions\\\\node_modules\\\\firebase-admin\\\\lib\\\\index.js\"}"}}
[debug] [2022-01-02T03:54:29.484Z] [runtime-status] [720] Resolved module firebase-functions {"declared":true,"installed":true,"version":"3.16.0","resolution":"D:\\VSC\\amazon-clone\\functions\\node_modules\\firebase-functions\\lib\\index.js"} {"metadata":{"emulator":{"name":"functions"},"message":"[runtime-status] [720] Resolved module firebase-functions {\"declared\":true,\"installed\":true,\"version\":\"3.16.0\",\"resolution\":\"D:\\\\VSC\\\\amazon-clone\\\\functions\\\\node_modules\\\\firebase-functions\\\\lib\\\\index.js\"}"}}
[debug] [2022-01-02T03:54:29.484Z] [runtime-status] [720] firebase-admin has been stubbed. {"adminResolution":{"declared":true,"installed":true,"version":"9.12.0","resolution":"D:\\VSC\\amazon-clone\\functions\\node_modules\\firebase-admin\\lib\\index.js"}} {"metadata":{"emulator":{"name":"functions"},"message":"[runtime-status] [720] firebase-admin has been stubbed. {\"adminResolution\":{\"declared\":true,\"installed\":true,\"version\":\"9.12.0\",\"resolution\":\"D:\\\\VSC\\\\amazon-clone\\\\functions\\\\node_modules\\\\firebase-admin\\\\lib\\\\index.js\"}}"}}
[warn] !  Error: Cannot find module 'stripe'
Require stack:
- D:\VSC\amazon-clone\functions\index.js
- C:\Users\LENOVO\AppData\Roaming\npm\node_modules\firebase-tools\lib\emulator\functionsEmulatorRuntime.js
    at Function.Module._resolveFilename (node:internal/modules/cjs/loader:933:15)
    at Function.Module._load (node:internal/modules/cjs/loader:778:27)
    at Module.require (node:internal/modules/cjs/loader:1005:19)
    at require (node:internal/modules/cjs/helpers:102:18)
    at Object.<anonymous> (D:\VSC\amazon-clone\functions\index.js:6:16)
    at Module._compile (node:internal/modules/cjs/loader:1101:14)
    at Object.Module._extensions..js (node:internal/modules/cjs/loader:1153:10)
    at Module.load (node:internal/modules/cjs/loader:981:32)
    at Function.Module._load (node:internal/modules/cjs/loader:822:12)
    at Module.require (node:internal/modules/cjs/loader:1005:19) {"metadata":{"emulator":{"name":"functions"},"message":"Error: Cannot find module 'stripe'\nRequire stack:\n- D:\\VSC\\amazon-clone\\functions\\index.js\n- C:\\Users\\LENOVO\\AppData\\Roaming\\npm\\node_modules\\firebase-tools\\lib\\emulator\\functionsEmulatorRuntime.js\n    at Function.Module._resolveFilename (node:internal/modules/cjs/loader:933:15)\n    at Function.Module._load (node:internal/modules/cjs/loader:778:27)\n    at Module.require (node:internal/modules/cjs/loader:1005:19)\n    at require (node:internal/modules/cjs/helpers:102:18)\n    at Object.<anonymous> (D:\\VSC\\amazon-clone\\functions\\index.js:6:16)\n    at Module._compile (node:internal/modules/cjs/loader:1101:14)\n    at Object.Module._extensions..js (node:internal/modules/cjs/loader:1153:10)\n    at Module.load (node:internal/modules/cjs/loader:981:32)\n    at Function.Module._load (node:internal/modules/cjs/loader:822:12)\n    at Module.require (node:internal/modules/cjs/loader:1005:19)"}}
[warn] !  We were unable to load your functions code. (see above) {"metadata":{"emulator":{"name":"functions"}}}
[debug] [2022-01-02T03:54:30.196Z] [worker-~diagnostic~-a7369eae-cd90-4a74-9375-a1e35d4a1a06]: exited {"metadata":{"emulator":{"name":"functions"},"message":"[worker-~diagnostic~-a7369eae-cd90-4a74-9375-a1e35d4a1a06]: exited"}}
[debug] [2022-01-02T03:54:30.196Z] [worker-~diagnostic~-a7369eae-cd90-4a74-9375-a1e35d4a1a06]: FINISHED {"metadata":{"emulator":{"name":"functions"},"message":"[worker-~diagnostic~-a7369eae-cd90-4a74-9375-a1e35d4a1a06]: FINISHED"}}
[info] i  hosting: 127.0.0.1 - - [02/Jan/2022:03:54:46 +0000] "GET / HTTP/1.1" 200 647 "-" "Mozilla/5.0 (Windows NT 10.0; Win64; x64) AppleWebKit/537.36 (KHTML, like Gecko) Chrome/96.0.4664.110 Safari/537.36" {"metadata":{"emulator":{"name":"hosting"},"message":"127.0.0.1 - - [02/Jan/2022:03:54:46 +0000] \"GET / HTTP/1.1\" 200 647 \"-\" \"Mozilla/5.0 (Windows NT 10.0; Win64; x64) AppleWebKit/537.36 (KHTML, like Gecko) Chrome/96.0.4664.110 Safari/537.36\""}}
[info] i  hosting: 127.0.0.1 - - [02/Jan/2022:03:54:46 +0000] "GET /static/css/main.20a1afd6.css HTTP/1.1" 200 4107 "http://localhost:5000/" "Mozilla/5.0 (Windows NT 10.0; Win64; x64) AppleWebKit/537.36 (KHTML, like Gecko) Chrome/96.0.4664.110 Safari/537.36" {"metadata":{"emulator":{"name":"hosting"},"message":"127.0.0.1 - - [02/Jan/2022:03:54:46 +0000] \"GET /static/css/main.20a1afd6.css HTTP/1.1\" 200 4107 \"http://localhost:5000/\" \"Mozilla/5.0 (Windows NT 10.0; Win64; x64) AppleWebKit/537.36 (KHTML, like Gecko) Chrome/96.0.4664.110 Safari/537.36\""}}
[info] i  hosting: 127.0.0.1 - - [02/Jan/2022:03:54:46 +0000] "GET /static/js/main.58eacd6f.js HTTP/1.1" 200 873014 "http://localhost:5000/" "Mozilla/5.0 (Windows NT 10.0; Win64; x64) AppleWebKit/537.36 (KHTML, like Gecko) Chrome/96.0.4664.110 Safari/537.36" {"metadata":{"emulator":{"name":"hosting"},"message":"127.0.0.1 - - [02/Jan/2022:03:54:46 +0000] \"GET /static/js/main.58eacd6f.js HTTP/1.1\" 200 873014 \"http://localhost:5000/\" \"Mozilla/5.0 (Windows NT 10.0; Win64; x64) AppleWebKit/537.36 (KHTML, like Gecko) Chrome/96.0.4664.110 Safari/537.36\""}}
[info] i  hosting: 127.0.0.1 - - [02/Jan/2022:03:54:46 +0000] "GET /favicon.ico HTTP/1.1" 200 3870 "http://localhost:5000/" "Mozilla/5.0 (Windows NT 10.0; Win64; x64) AppleWebKit/537.36 (KHTML, like Gecko) Chrome/96.0.4664.110 Safari/537.36" {"metadata":{"emulator":{"name":"hosting"},"message":"127.0.0.1 - - [02/Jan/2022:03:54:46 +0000] \"GET /favicon.ico HTTP/1.1\" 200 3870 \"http://localhost:5000/\" \"Mozilla/5.0 (Windows NT 10.0; Win64; x64) AppleWebKit/537.36 (KHTML, like Gecko) Chrome/96.0.4664.110 Safari/537.36\""}}
[info] i  hosting: 127.0.0.1 - - [02/Jan/2022:03:54:46 +0000] "GET /manifest.json HTTP/1.1" 200 517 "http://localhost:5000/" "Mozilla/5.0 (Windows NT 10.0; Win64; x64) AppleWebKit/537.36 (KHTML, like Gecko) Chrome/96.0.4664.110 Safari/537.36" {"metadata":{"emulator":{"name":"hosting"},"message":"127.0.0.1 - - [02/Jan/2022:03:54:46 +0000] \"GET /manifest.json HTTP/1.1\" 200 517 \"http://localhost:5000/\" \"Mozilla/5.0 (Windows NT 10.0; Win64; x64) AppleWebKit/537.36 (KHTML, like Gecko) Chrome/96.0.4664.110 Safari/537.36\""}}
[info] i  hosting: 127.0.0.1 - - [02/Jan/2022:03:54:46 +0000] "GET /logo192.png HTTP/1.1" 200 5347 "http://localhost:5000/" "Mozilla/5.0 (Windows NT 10.0; Win64; x64) AppleWebKit/537.36 (KHTML, like Gecko) Chrome/96.0.4664.110 Safari/537.36" {"metadata":{"emulator":{"name":"hosting"},"message":"127.0.0.1 - - [02/Jan/2022:03:54:46 +0000] \"GET /logo192.png HTTP/1.1\" 200 5347 \"http://localhost:5000/\" \"Mozilla/5.0 (Windows NT 10.0; Win64; x64) AppleWebKit/537.36 (KHTML, like Gecko) Chrome/96.0.4664.110 Safari/537.36\""}}
[info] i  hosting: 127.0.0.1 - - [02/Jan/2022:03:55:22 +0000] "GET /functions HTTP/1.1" 200 647 "-" "Mozilla/5.0 (Windows NT 10.0; Win64; x64) AppleWebKit/537.36 (KHTML, like Gecko) Chrome/96.0.4664.110 Safari/537.36" {"metadata":{"emulator":{"name":"hosting"},"message":"127.0.0.1 - - [02/Jan/2022:03:55:22 +0000] \"GET /functions HTTP/1.1\" 200 647 \"-\" \"Mozilla/5.0 (Windows NT 10.0; Win64; x64) AppleWebKit/537.36 (KHTML, like Gecko) Chrome/96.0.4664.110 Safari/537.36\""}}
